# JRE version: OpenJDK Runtime Environment Temurin-21.0.8+9 (21.0.8+9) (build 21.0.8+9-LTS)
# Java VM: OpenJDK 64-Bit Server VM Temurin-21.0.8+9 (21.0.8+9-LTS, mixed mode, tiered, compressed oops, compressed class ptrs, g1 gc, linux-amd64)
GC Precious Log:
 CardTable entry size: 512
 Card Set container configuration: InlinePtr #cards 5 size 8 Array Of Cards #cards 12 size 40 Howl #buckets 4 coarsen threshold 1843 Howl Bitmap #cards 512 size 80 coarsen threshold 460 Card regions per heap region 1 cards per card region 2048
 CPUs: 8 total, 8 available
 Memory: 31781M
 Large Page Support: Disabled
 NUMA Support: Disabled
 Compressed Oops: Enabled (32-bit)
 Heap Region Size: 1M
 Heap Min Capacity: 64M
 Heap Initial Capacity: 64M
 Heap Max Capacity: 1G
 Pre-touch: Disabled
 Parallel Workers: 8
 Concurrent Workers: 2
 Concurrent Refinement Workers: 8
 Periodic GC: Disabled
Heap:
 garbage-first heap   total 65536K, used 31292K [0x00000000c0000000, 0x0000000100000000)
  region size 1024K, 7 young (7168K), 4 survivors (4096K)
 Metaspace       used 41650K, committed 42944K, reserved 1114112K
  class space    used 4679K, committed 5184K, reserved 1048576K
GC Heap History (12 events):
Event: 0,779 GC heap before
{Heap before GC invocations=0 (full 0):
 garbage-first heap   total 65536K, used 22528K [0x00000000c0000000, 0x0000000100000000)
  region size 1024K, 23 young (23552K), 0 survivors (0K)
 Metaspace       used 13919K, committed 14144K, reserved 1114112K
  class space    used 1322K, committed 1408K, reserved 1048576K
}
Event: 0,793 GC heap after
{Heap after GC invocations=1 (full 0):
 garbage-first heap   total 65536K, used 6784K [0x00000000c0000000, 0x0000000100000000)
  region size 1024K, 3 young (3072K), 3 survivors (3072K)
 Metaspace       used 13919K, committed 14144K, reserved 1114112K
  class space    used 1322K, committed 1408K, reserved 1048576K
}
Event: 1,328 GC heap before
{Heap before GC invocations=1 (full 0):
 garbage-first heap   total 65536K, used 30336K [0x00000000c0000000, 0x0000000100000000)
  region size 1024K, 28 young (28672K), 3 survivors (3072K)
 Metaspace       used 21055K, committed 21504K, reserved 1114112K
  class space    used 2127K, committed 2368K, reserved 1048576K
}
Event: 1,337 GC heap after
{Heap after GC invocations=2 (full 0):
 garbage-first heap   total 65536K, used 10941K [0x00000000c0000000, 0x0000000100000000)
  region size 1024K, 4 young (4096K), 4 survivors (4096K)
 Metaspace       used 21055K, committed 21504K, reserved 1114112K
  class space    used 2127K, committed 2368K, reserved 1048576K
}
Event: 1,928 GC heap before
{Heap before GC invocations=3 (full 0):
 garbage-first heap   total 65536K, used 37565K [0x00000000c0000000, 0x0000000100000000)
  region size 1024K, 30 young (30720K), 4 survivors (4096K)
 Metaspace       used 27969K, committed 28864K, reserved 1114112K
  class space    used 2878K, committed 3200K, reserved 1048576K
}
Event: 1,936 GC heap after
{Heap after GC invocations=4 (full 0):
 garbage-first heap   total 65536K, used 15814K [0x00000000c0000000, 0x0000000100000000)
  region size 1024K, 4 young (4096K), 4 survivors (4096K)
 Metaspace       used 27969K, committed 28864K, reserved 1114112K
  class space    used 2878K, committed 3200K, reserved 1048576K
}
Event: 2,389 GC heap before
{Heap before GC invocations=4 (full 0):
 garbage-first heap   total 65536K, used 44486K [0x00000000c0000000, 0x0000000100000000)
  region size 1024K, 32 young (32768K), 4 survivors (4096K)
 Metaspace       used 33790K, committed 34816K, reserved 1114112K
  class space    used 3557K, committed 4032K, reserved 1048576K
}
Event: 2,400 GC heap after
{Heap after GC invocations=5 (full 0):
 garbage-first heap   total 65536K, used 20639K [0x00000000c0000000, 0x0000000100000000)
  region size 1024K, 4 young (4096K), 4 survivors (4096K)
 Metaspace       used 33790K, committed 34816K, reserved 1114112K
  class space    used 3557K, committed 4032K, reserved 1048576K
}
Event: 2,505 GC heap before
{Heap before GC invocations=5 (full 0):
 garbage-first heap   total 65536K, used 23711K [0x00000000c0000000, 0x0000000100000000)
  region size 1024K, 8 young (8192K), 4 survivors (4096K)
 Metaspace       used 35019K, committed 36096K, reserved 1114112K
  class space    used 3704K, committed 4160K, reserved 1048576K
}
Event: 2,509 GC heap after
{Heap after GC invocations=6 (full 0):
 garbage-first heap   total 65536K, used 21353K [0x00000000c0000000, 0x0000000100000000)
  region size 1024K, 1 young (1024K), 1 survivors (1024K)
 Metaspace       used 35019K, committed 36096K, reserved 1114112K
  class space    used 3704K, committed 4160K, reserved 1048576K
}
Event: 3,199 GC heap before
{Heap before GC invocations=7 (full 0):
 garbage-first heap   total 65536K, used 52073K [0x00000000c0000000, 0x0000000100000000)
  region size 1024K, 31 young (31744K), 1 survivors (1024K)
 Metaspace       used 41126K, committed 42368K, reserved 1114112K
  class space    used 4622K, committed 5120K, reserved 1048576K
}
Event: 3,204 GC heap after
{Heap after GC invocations=8 (full 0):
 garbage-first heap   total 65536K, used 26172K [0x00000000c0000000, 0x0000000100000000)
  region size 1024K, 4 young (4096K), 4 survivors (4096K)
 Metaspace       used 41126K, committed 42368K, reserved 1114112K
  class space    used 4622K, committed 5120K, reserved 1048576K
}

