<?xml version="1.0" encoding="UTF-8"?>
<checkstyle version="9.3">
<file name="/home/minis/studia/tech-prog/l2/faktura/src/main/java/app/Invoice.java">
<error line="1" severity="error" message="Missing package-info.java file." source="com.puppycrawl.tools.checkstyle.checks.javadoc.JavadocPackageCheck"/>
<error line="6" column="5" severity="error" message="Missing a Javadoc comment." source="com.puppycrawl.tools.checkstyle.checks.javadoc.JavadocVariableCheck"/>
<error line="6" column="17" severity="error" message="Name &apos;CreationDate&apos; must match pattern &apos;^[a-z][a-zA-Z0-9]*$&apos;." source="com.puppycrawl.tools.checkstyle.checks.naming.MemberNameCheck"/>
<error line="6" column="17" severity="error" message="Variable &apos;CreationDate&apos; must be private and have accessor methods." source="com.puppycrawl.tools.checkstyle.checks.design.VisibilityModifierCheck"/>
<error line="7" column="5" severity="error" message="Missing a Javadoc comment." source="com.puppycrawl.tools.checkstyle.checks.javadoc.JavadocVariableCheck"/>
<error line="7" column="17" severity="error" message="Name &apos;PaymentDate&apos; must match pattern &apos;^[a-z][a-zA-Z0-9]*$&apos;." source="com.puppycrawl.tools.checkstyle.checks.naming.MemberNameCheck"/>
<error line="7" column="17" severity="error" message="Variable &apos;PaymentDate&apos; must be private and have accessor methods." source="com.puppycrawl.tools.checkstyle.checks.design.VisibilityModifierCheck"/>
<error line="8" column="5" severity="error" message="Missing a Javadoc comment." source="com.puppycrawl.tools.checkstyle.checks.javadoc.JavadocVariableCheck"/>
<error line="8" column="19" severity="error" message="Name &apos;Buyer&apos; must match pattern &apos;^[a-z][a-zA-Z0-9]*$&apos;." source="com.puppycrawl.tools.checkstyle.checks.naming.MemberNameCheck"/>
<error line="8" column="19" severity="error" message="Variable &apos;Buyer&apos; must be private and have accessor methods." source="com.puppycrawl.tools.checkstyle.checks.design.VisibilityModifierCheck"/>
<error line="9" column="5" severity="error" message="Missing a Javadoc comment." source="com.puppycrawl.tools.checkstyle.checks.javadoc.JavadocVariableCheck"/>
<error line="9" column="19" severity="error" message="Name &apos;Seller&apos; must match pattern &apos;^[a-z][a-zA-Z0-9]*$&apos;." source="com.puppycrawl.tools.checkstyle.checks.naming.MemberNameCheck"/>
<error line="9" column="19" severity="error" message="Variable &apos;Seller&apos; must be private and have accessor methods." source="com.puppycrawl.tools.checkstyle.checks.design.VisibilityModifierCheck"/>
<error line="10" column="5" severity="error" message="Missing a Javadoc comment." source="com.puppycrawl.tools.checkstyle.checks.javadoc.JavadocVariableCheck"/>
<error line="10" column="27" severity="error" message="Name &apos;Products&apos; must match pattern &apos;^[a-z][a-zA-Z0-9]*$&apos;." source="com.puppycrawl.tools.checkstyle.checks.naming.MemberNameCheck"/>
<error line="10" column="27" severity="error" message="Variable &apos;Products&apos; must be private and have accessor methods." source="com.puppycrawl.tools.checkstyle.checks.design.VisibilityModifierCheck"/>
<error line="12" severity="error" message="Line is longer than 80 characters (found 111)." source="com.puppycrawl.tools.checkstyle.checks.sizes.LineLengthCheck"/>
<error line="12" column="5" severity="error" message="Redundant &apos;public&apos; modifier." source="com.puppycrawl.tools.checkstyle.checks.modifier.RedundantModifierCheck"/>
<error line="12" column="20" severity="error" message="Parameter creationDate should be final." source="com.puppycrawl.tools.checkstyle.checks.FinalParametersCheck"/>
<error line="12" column="39" severity="error" message="Parameter paymentDate should be final." source="com.puppycrawl.tools.checkstyle.checks.FinalParametersCheck"/>
<error line="12" column="57" severity="error" message="Parameter buyer should be final." source="com.puppycrawl.tools.checkstyle.checks.FinalParametersCheck"/>
<error line="12" column="71" severity="error" message="Parameter seller should be final." source="com.puppycrawl.tools.checkstyle.checks.FinalParametersCheck"/>
<error line="12" column="86" severity="error" message="Parameter products should be final." source="com.puppycrawl.tools.checkstyle.checks.FinalParametersCheck"/>
<error line="47" severity="error" message="Line is longer than 80 characters (found 107)." source="com.puppycrawl.tools.checkstyle.checks.sizes.LineLengthCheck"/>
<error line="65" severity="error" message="Line is longer than 80 characters (found 91)." source="com.puppycrawl.tools.checkstyle.checks.sizes.LineLengthCheck"/>
</file>
<file name="/home/minis/studia/tech-prog/l2/faktura/src/main/java/app/QuantProduct.java">
<error line="4" column="5" severity="error" message="Missing a Javadoc comment." source="com.puppycrawl.tools.checkstyle.checks.javadoc.JavadocVariableCheck"/>
<error line="4" column="20" severity="error" message="Name &apos;Product&apos; must match pattern &apos;^[a-z][a-zA-Z0-9]*$&apos;." source="com.puppycrawl.tools.checkstyle.checks.naming.MemberNameCheck"/>
<error line="4" column="20" severity="error" message="Variable &apos;Product&apos; must be private and have accessor methods." source="com.puppycrawl.tools.checkstyle.checks.design.VisibilityModifierCheck"/>
<error line="5" column="5" severity="error" message="Missing a Javadoc comment." source="com.puppycrawl.tools.checkstyle.checks.javadoc.JavadocVariableCheck"/>
<error line="5" column="16" severity="error" message="Name &apos;Quantity&apos; must match pattern &apos;^[a-z][a-zA-Z0-9]*$&apos;." source="com.puppycrawl.tools.checkstyle.checks.naming.MemberNameCheck"/>
<error line="5" column="16" severity="error" message="Variable &apos;Quantity&apos; must be private and have accessor methods." source="com.puppycrawl.tools.checkstyle.checks.design.VisibilityModifierCheck"/>
<error line="7" column="5" severity="error" message="Missing a Javadoc comment." source="com.puppycrawl.tools.checkstyle.checks.javadoc.MissingJavadocMethodCheck"/>
<error line="7" column="25" severity="error" message="Parameter prod should be final." source="com.puppycrawl.tools.checkstyle.checks.FinalParametersCheck"/>
<error line="7" column="39" severity="error" message="Parameter quantity should be final." source="com.puppycrawl.tools.checkstyle.checks.FinalParametersCheck"/>
<error line="13" column="5" severity="error" message="Class &apos;QuantProduct&apos; looks like designed for extension (can be subclassed), but the method &apos;Cum&apos; does not have javadoc that explains how to do that safely. If class is not designed for extension consider making the class &apos;QuantProduct&apos; final or making the method &apos;Cum&apos; static/final/abstract/empty, or adding allowed annotation for the method." source="com.puppycrawl.tools.checkstyle.checks.design.DesignForExtensionCheck"/>
<error line="13" column="5" severity="error" message="Missing a Javadoc comment." source="com.puppycrawl.tools.checkstyle.checks.javadoc.MissingJavadocMethodCheck"/>
<error line="13" column="18" severity="error" message="Name &apos;Cum&apos; must match pattern &apos;^[a-z][a-zA-Z0-9]*$&apos;." source="com.puppycrawl.tools.checkstyle.checks.naming.MethodNameCheck"/>
</file>
<file name="/home/minis/studia/tech-prog/l2/faktura/src/main/java/app/App.java">
<error line="6" column="1" severity="error" message="Utility classes should not have a public or default constructor." source="com.puppycrawl.tools.checkstyle.checks.design.HideUtilityClassConstructorCheck"/>
<error line="7" column="5" severity="error" message="Missing a Javadoc comment." source="com.puppycrawl.tools.checkstyle.checks.javadoc.MissingJavadocMethodCheck"/>
<error line="7" column="29" severity="error" message="Parameter args should be final." source="com.puppycrawl.tools.checkstyle.checks.FinalParametersCheck"/>
</file>
<file name="/home/minis/studia/tech-prog/l2/faktura/src/main/java/app/Product.java">
<error line="4" column="5" severity="error" message="Missing a Javadoc comment." source="com.puppycrawl.tools.checkstyle.checks.javadoc.JavadocVariableCheck"/>
<error line="4" column="19" severity="error" message="Name &apos;Name&apos; must match pattern &apos;^[a-z][a-zA-Z0-9]*$&apos;." source="com.puppycrawl.tools.checkstyle.checks.naming.MemberNameCheck"/>
<error line="4" column="19" severity="error" message="Variable &apos;Name&apos; must be private and have accessor methods." source="com.puppycrawl.tools.checkstyle.checks.design.VisibilityModifierCheck"/>
<error line="5" column="5" severity="error" message="Missing a Javadoc comment." source="com.puppycrawl.tools.checkstyle.checks.javadoc.JavadocVariableCheck"/>
<error line="5" column="18" severity="error" message="Name &apos;Cost&apos; must match pattern &apos;^[a-z][a-zA-Z0-9]*$&apos;." source="com.puppycrawl.tools.checkstyle.checks.naming.MemberNameCheck"/>
<error line="5" column="18" severity="error" message="Variable &apos;Cost&apos; must be private and have accessor methods." source="com.puppycrawl.tools.checkstyle.checks.design.VisibilityModifierCheck"/>
<error line="7" column="5" severity="error" message="Missing a Javadoc comment." source="com.puppycrawl.tools.checkstyle.checks.javadoc.MissingJavadocMethodCheck"/>
<error line="7" column="20" severity="error" message="Parameter name should be final." source="com.puppycrawl.tools.checkstyle.checks.FinalParametersCheck"/>
<error line="7" column="33" severity="error" message="Parameter cost should be final." source="com.puppycrawl.tools.checkstyle.checks.FinalParametersCheck"/>
<error line="12" column="5" severity="error" message="Class &apos;Product&apos; looks like designed for extension (can be subclassed), but the method &apos;GetAllFieldNames&apos; does not have javadoc that explains how to do that safely. If class is not designed for extension consider making the class &apos;Product&apos; final or making the method &apos;GetAllFieldNames&apos; static/final/abstract/empty, or adding allowed annotation for the method." source="com.puppycrawl.tools.checkstyle.checks.design.DesignForExtensionCheck"/>
<error line="17" column="5" severity="error" message="Class &apos;Product&apos; looks like designed for extension (can be subclassed), but the method &apos;UpdateField&apos; does not have javadoc that explains how to do that safely. If class is not designed for extension consider making the class &apos;Product&apos; final or making the method &apos;UpdateField&apos; static/final/abstract/empty, or adding allowed annotation for the method." source="com.puppycrawl.tools.checkstyle.checks.design.DesignForExtensionCheck"/>
<error line="18" column="29" severity="error" message="Parameter field should be final." source="com.puppycrawl.tools.checkstyle.checks.FinalParametersCheck"/>
<error line="18" column="43" severity="error" message="Parameter values should be final." source="com.puppycrawl.tools.checkstyle.checks.FinalParametersCheck"/>
<error line="19" column="9" severity="error" message="switch without &quot;default&quot; clause." source="com.puppycrawl.tools.checkstyle.checks.coding.MissingSwitchDefaultCheck"/>
</file>
<file name="/home/minis/studia/tech-prog/l2/faktura/src/main/java/app/DataPool.java">
<error line="6" severity="error" message="Line has trailing spaces." source="com.puppycrawl.tools.checkstyle.checks.regexp.RegexpSinglelineCheck"/>
</file>
<file name="/home/minis/studia/tech-prog/l2/faktura/src/main/java/app/Messenger.java">
<error line="3" column="1" severity="error" message="Utility classes should not have a public or default constructor." source="com.puppycrawl.tools.checkstyle.checks.design.HideUtilityClassConstructorCheck"/>
<error line="4" column="5" severity="error" message="Missing a Javadoc comment." source="com.puppycrawl.tools.checkstyle.checks.javadoc.JavadocVariableCheck"/>
<error line="5" column="5" severity="error" message="Missing a Javadoc comment." source="com.puppycrawl.tools.checkstyle.checks.javadoc.JavadocVariableCheck"/>
<error line="6" column="5" severity="error" message="Missing a Javadoc comment." source="com.puppycrawl.tools.checkstyle.checks.javadoc.JavadocVariableCheck"/>
<error line="7" column="5" severity="error" message="Missing a Javadoc comment." source="com.puppycrawl.tools.checkstyle.checks.javadoc.JavadocVariableCheck"/>
<error line="8" column="5" severity="error" message="Missing a Javadoc comment." source="com.puppycrawl.tools.checkstyle.checks.javadoc.JavadocVariableCheck"/>
<error line="10" column="5" severity="error" message="Missing a Javadoc comment." source="com.puppycrawl.tools.checkstyle.checks.javadoc.MissingJavadocMethodCheck"/>
<error line="10" column="24" severity="error" message="Name &apos;Input&apos; must match pattern &apos;^[a-z][a-zA-Z0-9]*$&apos;." source="com.puppycrawl.tools.checkstyle.checks.naming.MethodNameCheck"/>
<error line="10" column="30" severity="error" message="Parameter msg should be final." source="com.puppycrawl.tools.checkstyle.checks.FinalParametersCheck"/>
<error line="14" column="5" severity="error" message="Missing a Javadoc comment." source="com.puppycrawl.tools.checkstyle.checks.javadoc.MissingJavadocMethodCheck"/>
<error line="14" column="24" severity="error" message="Name &apos;Error&apos; must match pattern &apos;^[a-z][a-zA-Z0-9]*$&apos;." source="com.puppycrawl.tools.checkstyle.checks.naming.MethodNameCheck"/>
<error line="14" column="30" severity="error" message="Parameter msg should be final." source="com.puppycrawl.tools.checkstyle.checks.FinalParametersCheck"/>
<error line="18" column="5" severity="error" message="Missing a Javadoc comment." source="com.puppycrawl.tools.checkstyle.checks.javadoc.MissingJavadocMethodCheck"/>
<error line="18" column="24" severity="error" message="Name &apos;Data&apos; must match pattern &apos;^[a-z][a-zA-Z0-9]*$&apos;." source="com.puppycrawl.tools.checkstyle.checks.naming.MethodNameCheck"/>
<error line="18" column="29" severity="error" message="Parameter msg should be final." source="com.puppycrawl.tools.checkstyle.checks.FinalParametersCheck"/>
<error line="22" column="5" severity="error" message="Missing a Javadoc comment." source="com.puppycrawl.tools.checkstyle.checks.javadoc.MissingJavadocMethodCheck"/>
<error line="22" column="24" severity="error" message="Name &apos;Info&apos; must match pattern &apos;^[a-z][a-zA-Z0-9]*$&apos;." source="com.puppycrawl.tools.checkstyle.checks.naming.MethodNameCheck"/>
<error line="22" column="29" severity="error" message="Parameter msg should be final." source="com.puppycrawl.tools.checkstyle.checks.FinalParametersCheck"/>
<error line="26" column="5" severity="error" message="Missing a Javadoc comment." source="com.puppycrawl.tools.checkstyle.checks.javadoc.MissingJavadocMethodCheck"/>
<error line="26" column="24" severity="error" message="Name &apos;Success&apos; must match pattern &apos;^[a-z][a-zA-Z0-9]*$&apos;." source="com.puppycrawl.tools.checkstyle.checks.naming.MethodNameCheck"/>
<error line="26" column="32" severity="error" message="Parameter msg should be final." source="com.puppycrawl.tools.checkstyle.checks.FinalParametersCheck"/>
</file>
<file name="/home/minis/studia/tech-prog/l2/faktura/src/main/java/app/Firm.java">
<error line="4" column="5" severity="error" message="Missing a Javadoc comment." source="com.puppycrawl.tools.checkstyle.checks.javadoc.JavadocVariableCheck"/>
<error line="4" column="19" severity="error" message="Name &apos;Name&apos; must match pattern &apos;^[a-z][a-zA-Z0-9]*$&apos;." source="com.puppycrawl.tools.checkstyle.checks.naming.MemberNameCheck"/>
<error line="4" column="19" severity="error" message="Variable &apos;Name&apos; must be private and have accessor methods." source="com.puppycrawl.tools.checkstyle.checks.design.VisibilityModifierCheck"/>
<error line="5" column="5" severity="error" message="Missing a Javadoc comment." source="com.puppycrawl.tools.checkstyle.checks.javadoc.JavadocVariableCheck"/>
<error line="5" column="19" severity="error" message="Name &apos;Address&apos; must match pattern &apos;^[a-z][a-zA-Z0-9]*$&apos;." source="com.puppycrawl.tools.checkstyle.checks.naming.MemberNameCheck"/>
<error line="5" column="19" severity="error" message="Variable &apos;Address&apos; must be private and have accessor methods." source="com.puppycrawl.tools.checkstyle.checks.design.VisibilityModifierCheck"/>
<error line="6" column="5" severity="error" message="Missing a Javadoc comment." source="com.puppycrawl.tools.checkstyle.checks.javadoc.JavadocVariableCheck"/>
<error line="6" column="19" severity="error" message="Name &apos;NIP&apos; must match pattern &apos;^[a-z][a-zA-Z0-9]*$&apos;." source="com.puppycrawl.tools.checkstyle.checks.naming.MemberNameCheck"/>
<error line="6" column="19" severity="error" message="Variable &apos;NIP&apos; must be private and have accessor methods." source="com.puppycrawl.tools.checkstyle.checks.design.VisibilityModifierCheck"/>
<error line="8" column="5" severity="error" message="Missing a Javadoc comment." source="com.puppycrawl.tools.checkstyle.checks.javadoc.MissingJavadocMethodCheck"/>
<error line="8" column="17" severity="error" message="Parameter name should be final." source="com.puppycrawl.tools.checkstyle.checks.FinalParametersCheck"/>
<error line="8" column="30" severity="error" message="Parameter address should be final." source="com.puppycrawl.tools.checkstyle.checks.FinalParametersCheck"/>
<error line="8" column="46" severity="error" message="Parameter NIP should be final." source="com.puppycrawl.tools.checkstyle.checks.FinalParametersCheck"/>
<error line="8" column="53" severity="error" message="&apos;NIP&apos; hides a field." source="com.puppycrawl.tools.checkstyle.checks.coding.HiddenFieldCheck"/>
<error line="8" column="53" severity="error" message="Name &apos;NIP&apos; must match pattern &apos;^[a-z][a-zA-Z0-9]*$&apos;." source="com.puppycrawl.tools.checkstyle.checks.naming.ParameterNameCheck"/>
<error line="14" column="5" severity="error" message="Class &apos;Firm&apos; looks like designed for extension (can be subclassed), but the method &apos;GetAllFieldNames&apos; does not have javadoc that explains how to do that safely. If class is not designed for extension consider making the class &apos;Firm&apos; final or making the method &apos;GetAllFieldNames&apos; static/final/abstract/empty, or adding allowed annotation for the method." source="com.puppycrawl.tools.checkstyle.checks.design.DesignForExtensionCheck"/>
<error line="19" column="5" severity="error" message="Class &apos;Firm&apos; looks like designed for extension (can be subclassed), but the method &apos;UpdateField&apos; does not have javadoc that explains how to do that safely. If class is not designed for extension consider making the class &apos;Firm&apos; final or making the method &apos;UpdateField&apos; static/final/abstract/empty, or adding allowed annotation for the method." source="com.puppycrawl.tools.checkstyle.checks.design.DesignForExtensionCheck"/>
<error line="20" column="29" severity="error" message="Parameter field should be final." source="com.puppycrawl.tools.checkstyle.checks.FinalParametersCheck"/>
<error line="20" column="43" severity="error" message="Parameter values should be final." source="com.puppycrawl.tools.checkstyle.checks.FinalParametersCheck"/>
<error line="21" column="9" severity="error" message="switch without &quot;default&quot; clause." source="com.puppycrawl.tools.checkstyle.checks.coding.MissingSwitchDefaultCheck"/>
</file>
<file name="/home/minis/studia/tech-prog/l2/faktura/src/main/java/app/Controller.java">
<error line="9" column="9" severity="error" message="Missing a Javadoc comment." source="com.puppycrawl.tools.checkstyle.checks.javadoc.JavadocVariableCheck"/>
<error line="9" column="14" severity="error" message="Missing a Javadoc comment." source="com.puppycrawl.tools.checkstyle.checks.javadoc.JavadocVariableCheck"/>
<error line="9" column="20" severity="error" message="Missing a Javadoc comment." source="com.puppycrawl.tools.checkstyle.checks.javadoc.JavadocVariableCheck"/>
<error line="9" column="28" severity="error" message="Missing a Javadoc comment." source="com.puppycrawl.tools.checkstyle.checks.javadoc.JavadocVariableCheck"/>
<error line="9" column="36" severity="error" message="Missing a Javadoc comment." source="com.puppycrawl.tools.checkstyle.checks.javadoc.JavadocVariableCheck"/>
<error line="9" column="50" severity="error" message="Missing a Javadoc comment." source="com.puppycrawl.tools.checkstyle.checks.javadoc.JavadocVariableCheck"/>
<error line="13" column="9" severity="error" message="Missing a Javadoc comment." source="com.puppycrawl.tools.checkstyle.checks.javadoc.JavadocVariableCheck"/>
<error line="13" column="17" severity="error" message="Missing a Javadoc comment." source="com.puppycrawl.tools.checkstyle.checks.javadoc.JavadocVariableCheck"/>
<error line="13" column="23" severity="error" message="Missing a Javadoc comment." source="com.puppycrawl.tools.checkstyle.checks.javadoc.JavadocVariableCheck"/>
<error line="13" column="32" severity="error" message="Missing a Javadoc comment." source="com.puppycrawl.tools.checkstyle.checks.javadoc.JavadocVariableCheck"/>
<error line="16" column="5" severity="error" message="Missing a Javadoc comment." source="com.puppycrawl.tools.checkstyle.checks.javadoc.JavadocVariableCheck"/>
<error line="17" column="5" severity="error" message="Missing a Javadoc comment." source="com.puppycrawl.tools.checkstyle.checks.javadoc.JavadocVariableCheck"/>
<error line="17" column="34" severity="error" message="Name &apos;Pool&apos; must match pattern &apos;^[A-Z][A-Z0-9]*(_[A-Z0-9]+)*$&apos;." source="com.puppycrawl.tools.checkstyle.checks.naming.ConstantNameCheck"/>
<error line="19" severity="error" message="Line is longer than 80 characters (found 90)." source="com.puppycrawl.tools.checkstyle.checks.sizes.LineLengthCheck"/>
<error line="19" column="12" severity="error" message="&apos;private&apos; modifier out of order with the JLS suggestions." source="com.puppycrawl.tools.checkstyle.checks.modifier.ModifierOrderCheck"/>
<error line="19" column="34" severity="error" message="Parameter msg should be final." source="com.puppycrawl.tools.checkstyle.checks.FinalParametersCheck"/>
<error line="19" column="46" severity="error" message="Parameter f should be final." source="com.puppycrawl.tools.checkstyle.checks.FinalParametersCheck"/>
<error line="19" column="75" severity="error" message="Parameter errmsg should be final." source="com.puppycrawl.tools.checkstyle.checks.FinalParametersCheck"/>
<error line="35" column="12" severity="error" message="&apos;private&apos; modifier out of order with the JLS suggestions." source="com.puppycrawl.tools.checkstyle.checks.modifier.ModifierOrderCheck"/>
<error line="37" severity="error" message="Line is longer than 80 characters (found 89)." source="com.puppycrawl.tools.checkstyle.checks.sizes.LineLengthCheck"/>
<error line="52" severity="error" message="Line is longer than 80 characters (found 93)." source="com.puppycrawl.tools.checkstyle.checks.sizes.LineLengthCheck"/>
<error line="58" severity="error" message="Line is longer than 80 characters (found 106)." source="com.puppycrawl.tools.checkstyle.checks.sizes.LineLengthCheck"/>
<error line="60" severity="error" message="Line is longer than 80 characters (found 81)." source="com.puppycrawl.tools.checkstyle.checks.sizes.LineLengthCheck"/>
<error line="68" severity="error" message="Line is longer than 80 characters (found 87)." source="com.puppycrawl.tools.checkstyle.checks.sizes.LineLengthCheck"/>
<error line="82" severity="error" message="Line is longer than 80 characters (found 107)." source="com.puppycrawl.tools.checkstyle.checks.sizes.LineLengthCheck"/>
<error line="89" severity="error" message="Line is longer than 80 characters (found 101)." source="com.puppycrawl.tools.checkstyle.checks.sizes.LineLengthCheck"/>
<error line="96" severity="error" message="Line is longer than 80 characters (found 96)." source="com.puppycrawl.tools.checkstyle.checks.sizes.LineLengthCheck"/>
<error line="100" column="23" severity="error" message="Parameter command should be final." source="com.puppycrawl.tools.checkstyle.checks.FinalParametersCheck"/>
<error line="109" severity="error" message="Line is longer than 80 characters (found 114)." source="com.puppycrawl.tools.checkstyle.checks.sizes.LineLengthCheck"/>
<error line="113" column="9" severity="error" message="&apos;for&apos; is not followed by whitespace." source="com.puppycrawl.tools.checkstyle.checks.whitespace.WhitespaceAfterCheck"/>
<error line="115" column="17" severity="error" message="switch without &quot;default&quot; clause." source="com.puppycrawl.tools.checkstyle.checks.coding.MissingSwitchDefaultCheck"/>
<error line="117" severity="error" message="Line is longer than 80 characters (found 89)." source="com.puppycrawl.tools.checkstyle.checks.sizes.LineLengthCheck"/>
<error line="118" severity="error" message="Line is longer than 80 characters (found 114)." source="com.puppycrawl.tools.checkstyle.checks.sizes.LineLengthCheck"/>
<error line="122" severity="error" message="Line is longer than 80 characters (found 106)." source="com.puppycrawl.tools.checkstyle.checks.sizes.LineLengthCheck"/>
<error line="125" severity="error" message="Line is longer than 80 characters (found 82)." source="com.puppycrawl.tools.checkstyle.checks.sizes.LineLengthCheck"/>
<error line="126" severity="error" message="Line is longer than 80 characters (found 118)." source="com.puppycrawl.tools.checkstyle.checks.sizes.LineLengthCheck"/>
<error line="129" severity="error" message="Line is longer than 80 characters (found 81)." source="com.puppycrawl.tools.checkstyle.checks.sizes.LineLengthCheck"/>
<error line="130" severity="error" message="Line is longer than 80 characters (found 120)." source="com.puppycrawl.tools.checkstyle.checks.sizes.LineLengthCheck"/>
<error line="139" column="17" severity="error" message="switch without &quot;default&quot; clause." source="com.puppycrawl.tools.checkstyle.checks.coding.MissingSwitchDefaultCheck"/>
<error line="141" severity="error" message="Line is longer than 80 characters (found 97)." source="com.puppycrawl.tools.checkstyle.checks.sizes.LineLengthCheck"/>
<error line="145" severity="error" message="Line is longer than 80 characters (found 101)." source="com.puppycrawl.tools.checkstyle.checks.sizes.LineLengthCheck"/>
<error line="149" severity="error" message="Line is longer than 80 characters (found 98)." source="com.puppycrawl.tools.checkstyle.checks.sizes.LineLengthCheck"/>
<error line="153" severity="error" message="Line is longer than 80 characters (found 91)." source="com.puppycrawl.tools.checkstyle.checks.sizes.LineLengthCheck"/>
<error line="157" severity="error" message="Line is longer than 80 characters (found 91)." source="com.puppycrawl.tools.checkstyle.checks.sizes.LineLengthCheck"/>
<error line="161" severity="error" message="Line is longer than 80 characters (found 102)." source="com.puppycrawl.tools.checkstyle.checks.sizes.LineLengthCheck"/>
<error line="172" column="30" severity="error" message="Parameter moduleStr should be final." source="com.puppycrawl.tools.checkstyle.checks.FinalParametersCheck"/>
<error line="181" column="36" severity="error" message="Parameter commandStr should be final." source="com.puppycrawl.tools.checkstyle.checks.FinalParametersCheck"/>
<error line="190" column="32" severity="error" message="Parameter input should be final." source="com.puppycrawl.tools.checkstyle.checks.FinalParametersCheck"/>
<error line="192" column="9" severity="error" message="&apos;if&apos; construct must use &apos;{}&apos;s." source="com.puppycrawl.tools.checkstyle.checks.blocks.NeedBracesCheck"/>
<error line="200" column="37" severity="error" message="Must have at least one statement." source="com.puppycrawl.tools.checkstyle.checks.blocks.EmptyBlockCheck"/>
<error line="201" severity="error" message="Line has trailing spaces." source="com.puppycrawl.tools.checkstyle.checks.regexp.RegexpSinglelineCheck"/>
<error line="205" column="37" severity="error" message="Must have at least one statement." source="com.puppycrawl.tools.checkstyle.checks.blocks.EmptyBlockCheck"/>
<error line="213" column="37" severity="error" message="Must have at least one statement." source="com.puppycrawl.tools.checkstyle.checks.blocks.EmptyBlockCheck"/>
<error line="218" column="37" severity="error" message="Must have at least one statement." source="com.puppycrawl.tools.checkstyle.checks.blocks.EmptyBlockCheck"/>
<error line="231" column="5" severity="error" message="Class &apos;Controller&apos; looks like designed for extension (can be subclassed), but the method &apos;Run&apos; does not have javadoc that explains how to do that safely. If class is not designed for extension consider making the class &apos;Controller&apos; final or making the method &apos;Run&apos; static/final/abstract/empty, or adding allowed annotation for the method." source="com.puppycrawl.tools.checkstyle.checks.design.DesignForExtensionCheck"/>
<error line="231" column="5" severity="error" message="Missing a Javadoc comment." source="com.puppycrawl.tools.checkstyle.checks.javadoc.MissingJavadocMethodCheck"/>
<error line="231" column="17" severity="error" message="Name &apos;Run&apos; must match pattern &apos;^[a-z][a-zA-Z0-9]*$&apos;." source="com.puppycrawl.tools.checkstyle.checks.naming.MethodNameCheck"/>
<error line="233" severity="error" message="Line is longer than 80 characters (found 89)." source="com.puppycrawl.tools.checkstyle.checks.sizes.LineLengthCheck"/>
</file>
<file name="/home/minis/studia/tech-prog/l2/faktura/src/main/java/app/InvoiceManager.java">
<error line="3" column="8" severity="error" message="Unused import - java.util.Date." source="com.puppycrawl.tools.checkstyle.checks.imports.UnusedImportsCheck"/>
<error line="6" column="5" severity="error" message="Missing a Javadoc comment." source="com.puppycrawl.tools.checkstyle.checks.javadoc.JavadocVariableCheck"/>
<error line="8" column="5" severity="error" message="Missing a Javadoc comment." source="com.puppycrawl.tools.checkstyle.checks.javadoc.MissingJavadocMethodCheck"/>
<error line="8" column="27" severity="error" message="Parameter invoice should be final." source="com.puppycrawl.tools.checkstyle.checks.FinalParametersCheck"/>
<error line="8" column="35" severity="error" message="&apos;invoice&apos; hides a field." source="com.puppycrawl.tools.checkstyle.checks.coding.HiddenFieldCheck"/>
<error line="12" column="5" severity="error" message="Class &apos;InvoiceManager&apos; looks like designed for extension (can be subclassed), but the method &apos;SetInvoice&apos; does not have javadoc that explains how to do that safely. If class is not designed for extension consider making the class &apos;InvoiceManager&apos; final or making the method &apos;SetInvoice&apos; static/final/abstract/empty, or adding allowed annotation for the method." source="com.puppycrawl.tools.checkstyle.checks.design.DesignForExtensionCheck"/>
<error line="12" column="5" severity="error" message="Missing a Javadoc comment." source="com.puppycrawl.tools.checkstyle.checks.javadoc.MissingJavadocMethodCheck"/>
<error line="12" column="17" severity="error" message="Name &apos;SetInvoice&apos; must match pattern &apos;^[a-z][a-zA-Z0-9]*$&apos;." source="com.puppycrawl.tools.checkstyle.checks.naming.MethodNameCheck"/>
<error line="12" column="28" severity="error" message="Parameter invoice should be final." source="com.puppycrawl.tools.checkstyle.checks.FinalParametersCheck"/>
<error line="12" column="36" severity="error" message="&apos;invoice&apos; hides a field." source="com.puppycrawl.tools.checkstyle.checks.coding.HiddenFieldCheck"/>
<error line="17" column="5" severity="error" message="Missing a Javadoc comment." source="com.puppycrawl.tools.checkstyle.checks.javadoc.MissingJavadocMethodCheck"/>
<error line="17" column="17" severity="error" message="Name &apos;Display&apos; must match pattern &apos;^[a-z][a-zA-Z0-9]*$&apos;." source="com.puppycrawl.tools.checkstyle.checks.naming.MethodNameCheck"/>
<error line="21" column="5" severity="error" message="Missing a Javadoc comment." source="com.puppycrawl.tools.checkstyle.checks.javadoc.MissingJavadocMethodCheck"/>
<error line="21" column="17" severity="error" message="Name &apos;SaveToPdf&apos; must match pattern &apos;^[a-z][a-zA-Z0-9]*$&apos;." source="com.puppycrawl.tools.checkstyle.checks.naming.MethodNameCheck"/>
<error line="22" severity="error" message="Line has trailing spaces." source="com.puppycrawl.tools.checkstyle.checks.regexp.RegexpSinglelineCheck"/>
</file>
<file name="/home/minis/studia/tech-prog/l2/faktura/src/main/java/app/Validator.java">
<error line="3" column="1" severity="error" message="Utility classes should not have a public or default constructor." source="com.puppycrawl.tools.checkstyle.checks.design.HideUtilityClassConstructorCheck"/>
<error line="4" column="5" severity="error" message="Missing a Javadoc comment." source="com.puppycrawl.tools.checkstyle.checks.javadoc.MissingJavadocMethodCheck"/>
<error line="4" column="27" severity="error" message="Name &apos;IsValidNIP&apos; must match pattern &apos;^[a-z][a-zA-Z0-9]*$&apos;." source="com.puppycrawl.tools.checkstyle.checks.naming.MethodNameCheck"/>
<error line="4" column="38" severity="error" message="Parameter nip should be final." source="com.puppycrawl.tools.checkstyle.checks.FinalParametersCheck"/>
<error line="9" column="5" severity="error" message="Missing a Javadoc comment." source="com.puppycrawl.tools.checkstyle.checks.javadoc.MissingJavadocMethodCheck"/>
<error line="9" column="27" severity="error" message="Name &apos;IsValidIDNumber&apos; must match pattern &apos;^[a-z][a-zA-Z0-9]*$&apos;." source="com.puppycrawl.tools.checkstyle.checks.naming.MethodNameCheck"/>
<error line="9" column="43" severity="error" message="Parameter idNumber should be final." source="com.puppycrawl.tools.checkstyle.checks.FinalParametersCheck"/>
<error line="14" column="5" severity="error" message="Missing a Javadoc comment." source="com.puppycrawl.tools.checkstyle.checks.javadoc.MissingJavadocMethodCheck"/>
<error line="14" column="27" severity="error" message="Name &apos;IsValidPESEL&apos; must match pattern &apos;^[a-z][a-zA-Z0-9]*$&apos;." source="com.puppycrawl.tools.checkstyle.checks.naming.MethodNameCheck"/>
<error line="14" column="40" severity="error" message="Parameter pesel should be final." source="com.puppycrawl.tools.checkstyle.checks.FinalParametersCheck"/>
<error line="19" column="5" severity="error" message="Missing a Javadoc comment." source="com.puppycrawl.tools.checkstyle.checks.javadoc.MissingJavadocMethodCheck"/>
<error line="19" column="27" severity="error" message="Name &apos;IsValidFloat&apos; must match pattern &apos;^[a-z][a-zA-Z0-9]*$&apos;." source="com.puppycrawl.tools.checkstyle.checks.naming.MethodNameCheck"/>
<error line="19" column="40" severity="error" message="Parameter price should be final." source="com.puppycrawl.tools.checkstyle.checks.FinalParametersCheck"/>
<error line="28" column="5" severity="error" message="Missing a Javadoc comment." source="com.puppycrawl.tools.checkstyle.checks.javadoc.MissingJavadocMethodCheck"/>
<error line="28" column="27" severity="error" message="Name &apos;IsValidInt&apos; must match pattern &apos;^[a-z][a-zA-Z0-9]*$&apos;." source="com.puppycrawl.tools.checkstyle.checks.naming.MethodNameCheck"/>
<error line="28" column="38" severity="error" message="Parameter quantity should be final." source="com.puppycrawl.tools.checkstyle.checks.FinalParametersCheck"/>
<error line="38" column="9" severity="error" message="Missing a Javadoc comment." source="com.puppycrawl.tools.checkstyle.checks.javadoc.JavadocVariableCheck"/>
<error line="39" column="9" severity="error" message="Missing a Javadoc comment." source="com.puppycrawl.tools.checkstyle.checks.javadoc.JavadocVariableCheck"/>
<error line="40" column="9" severity="error" message="Missing a Javadoc comment." source="com.puppycrawl.tools.checkstyle.checks.javadoc.JavadocVariableCheck"/>
<error line="41" column="9" severity="error" message="Missing a Javadoc comment." source="com.puppycrawl.tools.checkstyle.checks.javadoc.JavadocVariableCheck"/>
<error line="42" column="9" severity="error" message="Missing a Javadoc comment." source="com.puppycrawl.tools.checkstyle.checks.javadoc.JavadocVariableCheck"/>
<error line="43" column="9" severity="error" message="Missing a Javadoc comment." source="com.puppycrawl.tools.checkstyle.checks.javadoc.JavadocVariableCheck"/>
<error line="45" column="9" severity="error" message="Missing a Javadoc comment." source="com.puppycrawl.tools.checkstyle.checks.javadoc.MissingJavadocMethodCheck"/>
<error line="65" column="5" severity="error" message="Missing a Javadoc comment." source="com.puppycrawl.tools.checkstyle.checks.javadoc.MissingJavadocMethodCheck"/>
<error line="65" column="26" severity="error" message="Name &apos;GetAllUnits&apos; must match pattern &apos;^[a-z][a-zA-Z0-9]*$&apos;." source="com.puppycrawl.tools.checkstyle.checks.naming.MethodNameCheck"/>
<error line="67" column="9" severity="error" message="Each variable declaration must be in its own statement." source="com.puppycrawl.tools.checkstyle.checks.coding.MultipleVariableDeclarationsCheck"/>
<error line="78" column="5" severity="error" message="Missing a Javadoc comment." source="com.puppycrawl.tools.checkstyle.checks.javadoc.MissingJavadocMethodCheck"/>
<error line="78" column="27" severity="error" message="Name &apos;IsValidUnit&apos; must match pattern &apos;^[a-z][a-zA-Z0-9]*$&apos;." source="com.puppycrawl.tools.checkstyle.checks.naming.MethodNameCheck"/>
<error line="78" column="39" severity="error" message="Parameter unit should be final." source="com.puppycrawl.tools.checkstyle.checks.FinalParametersCheck"/>
</file>
<file name="/home/minis/studia/tech-prog/l2/faktura/src/main/java/app/Person.java">
<error line="1" severity="error" message="File does not end with a newline." source="com.puppycrawl.tools.checkstyle.checks.NewlineAtEndOfFileCheck"/>
<error line="4" column="5" severity="error" message="Missing a Javadoc comment." source="com.puppycrawl.tools.checkstyle.checks.javadoc.JavadocVariableCheck"/>
<error line="4" column="19" severity="error" message="Name &apos;FirstName&apos; must match pattern &apos;^[a-z][a-zA-Z0-9]*$&apos;." source="com.puppycrawl.tools.checkstyle.checks.naming.MemberNameCheck"/>
<error line="4" column="19" severity="error" message="Variable &apos;FirstName&apos; must be private and have accessor methods." source="com.puppycrawl.tools.checkstyle.checks.design.VisibilityModifierCheck"/>
<error line="5" column="5" severity="error" message="Missing a Javadoc comment." source="com.puppycrawl.tools.checkstyle.checks.javadoc.JavadocVariableCheck"/>
<error line="5" column="19" severity="error" message="Name &apos;LastName&apos; must match pattern &apos;^[a-z][a-zA-Z0-9]*$&apos;." source="com.puppycrawl.tools.checkstyle.checks.naming.MemberNameCheck"/>
<error line="5" column="19" severity="error" message="Variable &apos;LastName&apos; must be private and have accessor methods." source="com.puppycrawl.tools.checkstyle.checks.design.VisibilityModifierCheck"/>
<error line="6" column="5" severity="error" message="Missing a Javadoc comment." source="com.puppycrawl.tools.checkstyle.checks.javadoc.JavadocVariableCheck"/>
<error line="6" column="19" severity="error" message="Name &apos;IDNumber&apos; must match pattern &apos;^[a-z][a-zA-Z0-9]*$&apos;." source="com.puppycrawl.tools.checkstyle.checks.naming.MemberNameCheck"/>
<error line="6" column="19" severity="error" message="Variable &apos;IDNumber&apos; must be private and have accessor methods." source="com.puppycrawl.tools.checkstyle.checks.design.VisibilityModifierCheck"/>
<error line="8" column="5" severity="error" message="Missing a Javadoc comment." source="com.puppycrawl.tools.checkstyle.checks.javadoc.MissingJavadocMethodCheck"/>
<error line="8" column="19" severity="error" message="Parameter firstName should be final." source="com.puppycrawl.tools.checkstyle.checks.FinalParametersCheck"/>
<error line="8" column="37" severity="error" message="Parameter lastName should be final." source="com.puppycrawl.tools.checkstyle.checks.FinalParametersCheck"/>
<error line="8" column="54" severity="error" message="Parameter IDNumber should be final." source="com.puppycrawl.tools.checkstyle.checks.FinalParametersCheck"/>
<error line="8" column="61" severity="error" message="&apos;IDNumber&apos; hides a field." source="com.puppycrawl.tools.checkstyle.checks.coding.HiddenFieldCheck"/>
<error line="8" column="61" severity="error" message="Name &apos;IDNumber&apos; must match pattern &apos;^[a-z][a-zA-Z0-9]*$&apos;." source="com.puppycrawl.tools.checkstyle.checks.naming.ParameterNameCheck"/>
<error line="14" column="5" severity="error" message="Class &apos;Person&apos; looks like designed for extension (can be subclassed), but the method &apos;GetAllFieldNames&apos; does not have javadoc that explains how to do that safely. If class is not designed for extension consider making the class &apos;Person&apos; final or making the method &apos;GetAllFieldNames&apos; static/final/abstract/empty, or adding allowed annotation for the method." source="com.puppycrawl.tools.checkstyle.checks.design.DesignForExtensionCheck"/>
<error line="19" column="5" severity="error" message="Class &apos;Person&apos; looks like designed for extension (can be subclassed), but the method &apos;UpdateField&apos; does not have javadoc that explains how to do that safely. If class is not designed for extension consider making the class &apos;Person&apos; final or making the method &apos;UpdateField&apos; static/final/abstract/empty, or adding allowed annotation for the method." source="com.puppycrawl.tools.checkstyle.checks.design.DesignForExtensionCheck"/>
<error line="20" column="29" severity="error" message="Parameter field should be final." source="com.puppycrawl.tools.checkstyle.checks.FinalParametersCheck"/>
<error line="20" column="43" severity="error" message="Parameter values should be final." source="com.puppycrawl.tools.checkstyle.checks.FinalParametersCheck"/>
<error line="21" column="9" severity="error" message="switch without &quot;default&quot; clause." source="com.puppycrawl.tools.checkstyle.checks.coding.MissingSwitchDefaultCheck"/>
</file>
</checkstyle>
